<?xml version="1.0" encoding="UTF-8"?>
<testng-results ignored="0" total="1" passed="1" failed="0" skipped="0">
  <reporter-output>
  </reporter-output>
  <suite started-at="2025-02-19T21:18:42 GMT+09:00" name="Default suite" finished-at="2025-02-19T21:18:52 GMT+09:00" duration-ms="10045">
    <groups>
    </groups>
    <test started-at="2025-02-19T21:18:42 GMT+09:00" name="Default test" finished-at="2025-02-19T21:18:52 GMT+09:00" duration-ms="10045">
      <class name="automation.testsuite.BTVN_day12">
        <test-method is-config="true" signature="openBrowser()[pri:0, instance:automation.testsuite.BTVN_day12@4d465b11]" started-at="2025-02-19T21:18:42 GMT+09:00" name="openBrowser" finished-at="2025-02-19T21:18:50 GMT+09:00" duration-ms="7894" status="PASS">
          <reporter-output>
          </reporter-output>
        </test-method> <!-- openBrowser -->
        <test-method signature="chooseVNOption()[pri:0, instance:automation.testsuite.BTVN_day12@4d465b11]" started-at="2025-02-19T21:18:50 GMT+09:00" name="chooseVNOption" finished-at="2025-02-19T21:18:52 GMT+09:00" duration-ms="2120" status="PASS">
          <reporter-output>
          </reporter-output>
        </test-method> <!-- chooseVNOption -->
      </class> <!-- automation.testsuite.BTVN_day12 -->
    </test> <!-- Default test -->
  </suite> <!-- Default suite -->
</testng-results>
